<?xml version="1.0" encoding="UTF-8"?>
<testsuite name="com.example.home_accountant.service.ExpenseServiceTest" tests="4" skipped="0" failures="1" errors="0" timestamp="2025-01-27T20:22:14" hostname="DESKTOP-KATGEPA" time="0.207">
  <properties/>
  <testcase name="testCreateExpense()" classname="com.example.home_accountant.service.ExpenseServiceTest" time="0.15"/>
  <testcase name="testUpdateExpense()" classname="com.example.home_accountant.service.ExpenseServiceTest" time="0.025">
    <failure message="org.opentest4j.AssertionFailedError: expected: &lt;Transport&gt; but was: &lt;Food&gt;" type="org.opentest4j.AssertionFailedError">org.opentest4j.AssertionFailedError: expected: &lt;Transport&gt; but was: &lt;Food&gt;
	at app//org.junit.jupiter.api.AssertionFailureBuilder.build(AssertionFailureBuilder.java:151)
	at app//org.junit.jupiter.api.AssertionFailureBuilder.buildAndThrow(AssertionFailureBuilder.java:132)
	at app//org.junit.jupiter.api.AssertEquals.failNotEqual(AssertEquals.java:197)
	at app//org.junit.jupiter.api.AssertEquals.assertEquals(AssertEquals.java:182)
	at app//org.junit.jupiter.api.AssertEquals.assertEquals(AssertEquals.java:177)
	at app//org.junit.jupiter.api.Assertions.assertEquals(Assertions.java:1145)
	at app//com.example.home_accountant.service.ExpenseServiceTest.testUpdateExpense(ExpenseServiceTest.java:82)
	at java.base@17.0.13/java.lang.reflect.Method.invoke(Method.java:569)
	at java.base@17.0.13/java.util.ArrayList.forEach(ArrayList.java:1511)
	at java.base@17.0.13/java.util.ArrayList.forEach(ArrayList.java:1511)
</failure>
  </testcase>
  <testcase name="testDeleteExpense()" classname="com.example.home_accountant.service.ExpenseServiceTest" time="0.012"/>
  <testcase name="testGetExpensesByUser()" classname="com.example.home_accountant.service.ExpenseServiceTest" time="0.01"/>
  <system-out><![CDATA[]]></system-out>
  <system-err><![CDATA[]]></system-err>
</testsuite>
